Arguments: 
  C:\zzzzz\nodejs\node.exe C:\Users\liu\AppData\Roaming\npm\node_modules\yarn\bin\yarn.js

PATH: 
  C:\Program Files\Common Files\Oracle\Java\javapath;C:\WINDOWS\system32;C:\WINDOWS;C:\WINDOWS\System32\Wbem;C:\WINDOWS\System32\WindowsPowerShell\v1.0\;C:\WINDOWS\System32\OpenSSH\;C:\zzzzz\nodejs\;C:\zzzzz\TortoiseSVN\bin;C:\zzzzz\Git\cmd;C:\Users\liu\AppData\Local\Microsoft\WindowsApps;C:\Users\liu\AppData\Local\Programs\Microsoft VS Code\bin;C:\Users\liu\AppData\Roaming\npm;C:\Users\liu\AppData\Local\Microsoft\WindowsApps;C:\Program Files\GPAC

Yarn version: 
  1.22.4

Node version: 
  12.13.0

Platform: 
  win32 x64

Trace: 
  Error: https://registry.yarnpkg.com/_acorn: Not found
      at Request.params.callback [as _callback] (C:\Users\liu\AppData\Roaming\npm\node_modules\yarn\lib\cli.js:66987:18)
      at Request.self.callback (C:\Users\liu\AppData\Roaming\npm\node_modules\yarn\lib\cli.js:140748:22)
      at Request.emit (events.js:210:5)
      at Request.<anonymous> (C:\Users\liu\AppData\Roaming\npm\node_modules\yarn\lib\cli.js:141720:10)
      at Request.emit (events.js:210:5)
      at IncomingMessage.<anonymous> (C:\Users\liu\AppData\Roaming\npm\node_modules\yarn\lib\cli.js:141642:12)
      at Object.onceWrapper (events.js:299:28)
      at IncomingMessage.emit (events.js:215:7)
      at endReadableNT (_stream_readable.js:1183:12)
      at processTicksAndRejections (internal/process/task_queues.js:80:21)

npm manifest: 
  {
    "name": "xxx",
    "version": "1.0.0",
    "description": "",
    "main": "index.js",
    "sideEffects": false,
    "dependencies": {
      "_acorn@8.4.1@acorn": "^8.4.1",
      "_ajv-keywords@3.5.2@ajv-keywords": "^3.5.2",
      "_buffer-from@1.1.1@buffer-from": "^1.1.1",
      "_clone-deep@4.0.1@clone-deep": "^4.0.1",
      "_chrome-trace-event@1.0.3@chrome-trace-event": "^1.0.3",
      "_commander@2.20.3@commander": "^2.20.3",
      "_browserslist@4.16.6@browserslist": "^4.16.6",
      "_caniuse-lite@1.0.30001243@caniuse-lite": "^1.0.30001243",
      "_ajv@6.12.6@ajv": "^6.12.6",
      "_colorette@1.2.2@colorette": "^1.2.2",
      "_commander@7.2.0@commander": "^7.2.0",
      "_electron-to-chromium@1.3.771@electron-to-chromium": "^1.3.771",
      "_cross-spawn@7.0.3@cross-spawn": "^7.0.3",
      "_envinfo@7.8.1@envinfo": "^7.8.1",
      "_enhanced-resolve@5.8.2@enhanced-resolve": "^5.8.2",
      "_eslint-scope@5.1.1@eslint-scope": "^5.1.1",
      "_escalade@3.1.1@escalade": "^3.1.1",
      "_estraverse@4.3.0@estraverse": "^4.3.0",
      "_es-module-lexer@0.7.1@es-module-lexer": "^0.7.1",
      "_esrecurse@4.3.0@esrecurse": "^4.3.0",
      "_estraverse@5.2.0@estraverse": "^5.2.0",
      "_fast-deep-equal@3.1.3@fast-deep-equal": "^3.1.3",
      "_events@3.3.0@events": "^3.3.0",
      "_fast-json-stable-stringify@2.1.0@fast-json-stable-stringify": "^2.1.0",
      "_execa@5.1.1@execa": "^5.1.1",
      "_glob-to-regexp@0.4.1@glob-to-regexp": "^0.4.1",
      "_fastest-levenshtein@1.0.12@fastest-levenshtein": "^1.0.12",
      "_function-bind@1.1.1@function-bind": "^1.1.1",
      "_has-flag@4.0.0@has-flag": "^4.0.0",
      "_human-signals@2.1.0@human-signals": "^2.1.0",
      "_graceful-fs@4.2.6@graceful-fs": "^4.2.6",
      "_has@1.0.3@has": "^1.0.3",
      "_import-local@3.0.2@import-local": "^3.0.2",
      "_interpret@2.2.0@interpret": "^2.2.0",
      "_is-stream@2.0.0@is-stream": "^2.0.0",
      "_is-core-module@2.4.0@is-core-module": "^2.4.0",
      "_is-plain-object@2.0.4@is-plain-object": "^2.0.4",
      "_get-stream@6.0.1@get-stream": "^6.0.1",
      "_isexe@2.0.0@isexe": "^2.0.0",
      "_isobject@3.0.1@isobject": "^3.0.1",
      "_kind-of@6.0.3@kind-of": "^6.0.3",
      "_jest-worker@27.0.6@jest-worker": "^27.0.6",
      "_json-schema-traverse@0.4.1@json-schema-traverse": "^0.4.1",
      "_merge-stream@2.0.0@merge-stream": "^2.0.0",
      "_json-parse-better-errors@1.0.2@json-parse-better-errors": "^1.0.2",
      "_find-up@4.1.0@find-up": "^4.1.0",
      "_loader-runner@4.2.0@loader-runner": "^4.2.0",
      "_locate-path@5.0.0@locate-path": "^5.0.0",
      "_mime-db@1.48.0@mime-db": "^1.48.0",
      "_mime-types@2.1.31@mime-types": "^2.1.31",
      "_mimic-fn@2.1.0@mimic-fn": "^2.1.0",
      "_node-releases@1.1.73@node-releases": "^1.1.73",
      "_npm-run-path@4.0.1@npm-run-path": "^4.0.1",
      "_neo-async@2.6.2@neo-async": "^2.6.2",
      "_p-limit@3.1.0@p-limit": "^3.1.0",
      "_p-limit@2.3.0@p-limit": "^2.3.0",
      "_onetime@5.1.2@onetime": "^5.1.2",
      "_p-locate@4.1.0@p-locate": "^4.1.0",
      "_p-try@2.2.0@p-try": "^2.2.0",
      "_path-parse@1.0.7@path-parse": "^1.0.7",
      "_path-exists@4.0.0@path-exists": "^4.0.0",
      "_pkg-dir@4.2.0@pkg-dir": "^4.2.0",
      "_path-key@3.1.1@path-key": "^3.1.1",
      "_punycode@2.1.1@punycode": "^2.1.1",
      "_randombytes@2.1.0@randombytes": "^2.1.0",
      "_rechoir@0.7.0@rechoir": "^0.7.0",
      "_resolve-cwd@3.0.0@resolve-cwd": "^3.0.0",
      "_safe-buffer@5.2.1@safe-buffer": "^5.2.1",
      "_resolve-from@5.0.0@resolve-from": "^5.0.0",
      "_resolve@1.20.0@resolve": "^1.20.0",
      "_schema-utils@3.1.0@schema-utils": "^3.1.0",
      "_shebang-command@2.0.0@shebang-command": "^2.0.0",
      "_serialize-javascript@6.0.0@serialize-javascript": "^6.0.0",
      "_shallow-clone@3.0.1@shallow-clone": "^3.0.1",
      "_shebang-regex@3.0.0@shebang-regex": "^3.0.0",
      "_signal-exit@3.0.3@signal-exit": "^3.0.3",
      "_source-list-map@2.0.1@source-list-map": "^2.0.1",
      "_source-map-support@0.5.19@source-map-support": "^0.5.19",
      "_source-map@0.7.3@source-map": "^0.7.3",
      "_strip-final-newline@2.0.0@strip-final-newline": "^2.0.0",
      "_supports-color@8.1.1@supports-color": "^8.1.1",
      "_source-map@0.6.1@source-map": "^0.6.1",
      "_tapable@2.2.0@tapable": "^2.2.0",
      "_terser-webpack-plugin@5.1.4@terser-webpack-plugin": "^5.1.4",
      "_terser@5.7.1@terser": "^5.7.1",
      "_uri-js@4.4.1@uri-js": "^4.4.1",
      "_watchpack@2.2.0@watchpack": "^2.2.0",
      "_webpack-cli@4.7.2@webpack-cli": "^4.7.2",
      "_webpack-merge@5.8.0@webpack-merge": "^5.8.0",
      "_webpack-sources@2.3.0@webpack-sources": "^2.3.0",
      "_v8-compile-cache@2.3.0@v8-compile-cache": "^2.3.0",
      "_webpack@5.44.0@webpack": "^5.44.0",
      "_wildcard@2.0.0@wildcard": "^2.0.0",
      "_which@2.0.2@which": "^2.0.2",
      "_yocto-queue@0.1.0@yocto-queue": "^0.1.0",
      "acorn": "^8.4.1",
      "caniuse-lite": "^1.0.30001243",
      "ajv": "^6.12.6",
      "buffer-from": "^1.1.1",
      "browserslist": "^4.16.6",
      "chrome-trace-event": "^1.0.3",
      "ajv-keywords": "^3.5.2",
      "clone-deep": "^4.0.1",
      "colorette": "^1.2.2",
      "electron-to-chromium": "^1.3.771",
      "commander": "^7.2.0",
      "enhanced-resolve": "^5.8.2",
      "cross-spawn": "^7.0.3",
      "envinfo": "^7.8.1",
      "eslint-scope": "^5.1.1",
      "escalade": "^3.1.1",
      "es-module-lexer": "^0.7.1",
      "estraverse": "^5.2.0",
      "events": "^3.3.0",
      "fast-deep-equal": "^3.1.3",
      "esrecurse": "^4.3.0",
      "execa": "^5.1.1",
      "fast-json-stable-stringify": "^2.1.0",
      "find-up": "^4.1.0",
      "get-stream": "^6.0.1",
      "graceful-fs": "^4.2.6",
      "function-bind": "^1.1.1",
      "fastest-levenshtein": "^1.0.12",
      "has-flag": "^4.0.0",
      "glob-to-regexp": "^0.4.1",
      "has": "^1.0.3",
      "import-local": "^3.0.2",
      "interpret": "^2.2.0",
      "human-signals": "^2.1.0",
      "is-core-module": "^2.4.0",
      "jest-worker": "^27.0.6",
      "is-plain-object": "^2.0.4",
      "is-stream": "^2.0.0",
      "isexe": "^2.0.0",
      "kind-of": "^6.0.3",
      "json-schema-traverse": "^0.4.1",
      "locate-path": "^5.0.0",
      "json-parse-better-errors": "^1.0.2",
      "loader-runner": "^4.2.0",
      "isobject": "^3.0.1",
      "mime-db": "^1.48.0",
      "mimic-fn": "^2.1.0",
      "merge-stream": "^2.0.0",
      "mime-types": "^2.1.31",
      "npm-run-path": "^4.0.1",
      "onetime": "^5.1.2",
      "neo-async": "^2.6.2",
      "node-releases": "^1.1.73",
      "p-limit": "^3.1.0",
      "p-try": "^2.2.0",
      "p-locate": "^4.1.0",
      "path-exists": "^4.0.0",
      "path-key": "^3.1.1",
      "pkg-dir": "^4.2.0",
      "path-parse": "^1.0.7",
      "resolve": "^1.20.0",
      "randombytes": "^2.1.0",
      "punycode": "^2.1.1",
      "rechoir": "^0.7.0",
      "resolve-cwd": "^3.0.0",
      "resolve-from": "^5.0.0",
      "schema-utils": "^3.1.0",
      "shebang-command": "^2.0.0",
      "signal-exit": "^3.0.3",
      "safe-buffer": "^5.2.1",
      "serialize-javascript": "^6.0.0",
      "shebang-regex": "^3.0.0",
      "source-map": "^0.7.3",
      "shallow-clone": "^3.0.1",
      "source-map-support": "^0.5.19",
      "supports-color": "^8.1.1",
      "strip-final-newline": "^2.0.0",
      "terser": "^5.7.1",
      "tapable": "^2.2.0",
      "terser-webpack-plugin": "^5.1.4",
      "source-list-map": "^2.0.1",
      "uri-js": "^4.4.1",
      "webpack-cli": "^4.7.2",
      "watchpack": "^2.2.0",
      "webpack": "^5.44.0",
      "webpack-sources": "^2.3.0",
      "webpack-merge": "^5.8.0",
      "which": "^2.0.2",
      "wildcard": "^2.0.0",
      "v8-compile-cache": "^2.3.0",
      "yocto-queue": "^0.1.0"
    },
    "devDependencies": {
      "html-webpack-plugin": "^5.3.2"
    },
    "scripts": {
      "test": "echo \"Error: no test specified\" && exit 1",
      "dev": "webpack serve --open",
      "watch": "webpack"
    },
    "author": "",
    "license": "ISC"
  }

yarn manifest: 
  No manifest

Lockfile: 
  No lockfile
